2025-01-27T21:01:59.071+0100 [DEBUG] [org.gradle.launcher.daemon.bootstrap.DaemonMain] Assuming the daemon was started with following jvm opts: [--add-opens=java.base/java.util=ALL-UNNAMED, --add-opens=java.base/java.lang=ALL-UNNAMED, --add-opens=java.base/java.lang.invoke=ALL-UNNAMED, --add-opens=java.prefs/java.util.prefs=ALL-UNNAMED, --add-opens=java.base/java.nio.charset=ALL-UNNAMED, --add-opens=java.base/java.net=ALL-UNNAMED, --add-opens=java.base/java.util.concurrent.atomic=ALL-UNNAMED, -Xmx1G, -Dfile.encoding=windows-1252, -Duser.country=US, -Duser.language=en, -Duser.variant]
2025-01-27T21:01:59.231+0100 [DEBUG] [org.gradle.internal.nativeintegration.services.NativeServices] Native-platform posix files integration is not available. Continuing with fallback.
2025-01-27T21:01:59.243+0100 [INFO] [org.gradle.launcher.daemon.server.Daemon] start() called on daemon - DefaultDaemonContext[uid=c4e90a48-c1fa-41f9-ab19-0e4fcec24da7,javaHome=C:\Program Files\Eclipse Adoptium\jdk-17.0.10.7-hotspot,daemonRegistryDir=C:\Users\ragna\Documents\dimensional_wells_1.21\daemon,pid=4024,idleTimeout=10800000,priority=NORMAL,applyInstrumentationAgent=true,daemonOpts=--add-opens=java.base/java.util=ALL-UNNAMED,--add-opens=java.base/java.lang=ALL-UNNAMED,--add-opens=java.base/java.lang.invoke=ALL-UNNAMED,--add-opens=java.prefs/java.util.prefs=ALL-UNNAMED,--add-opens=java.base/java.nio.charset=ALL-UNNAMED,--add-opens=java.base/java.net=ALL-UNNAMED,--add-opens=java.base/java.util.concurrent.atomic=ALL-UNNAMED,-Xmx1G,-Dfile.encoding=windows-1252,-Duser.country=US,-Duser.language=en,-Duser.variant]
2025-01-27T21:01:59.354+0100 [DEBUG] [org.gradle.internal.remote.internal.inet.InetAddresses] Adding IP addresses for network interface Software Loopback Interface 1
2025-01-27T21:01:59.357+0100 [DEBUG] [org.gradle.internal.remote.internal.inet.InetAddresses] Is this a loopback interface? true
2025-01-27T21:01:59.357+0100 [DEBUG] [org.gradle.internal.remote.internal.inet.InetAddresses] Adding loopback address /127.0.0.1
2025-01-27T21:01:59.358+0100 [DEBUG] [org.gradle.internal.remote.internal.inet.InetAddresses] Adding loopback address /0:0:0:0:0:0:0:1
2025-01-27T21:01:59.360+0100 [DEBUG] [org.gradle.internal.remote.internal.inet.InetAddresses] Adding IP addresses for network interface Microsoft 6to4 Adapter
2025-01-27T21:01:59.361+0100 [DEBUG] [org.gradle.internal.remote.internal.inet.InetAddresses] Is this a loopback interface? false
2025-01-27T21:01:59.362+0100 [DEBUG] [org.gradle.internal.remote.internal.inet.InetAddresses] Adding IP addresses for network interface Microsoft Kernel Debug Network Adapter
2025-01-27T21:01:59.364+0100 [DEBUG] [org.gradle.internal.remote.internal.inet.InetAddresses] Is this a loopback interface? false
2025-01-27T21:01:59.365+0100 [DEBUG] [org.gradle.internal.remote.internal.inet.InetAddresses] Adding IP addresses for network interface ExpressVPN TUN Driver
2025-01-27T21:01:59.367+0100 [DEBUG] [org.gradle.internal.remote.internal.inet.InetAddresses] Is this a loopback interface? false
2025-01-27T21:01:59.368+0100 [DEBUG] [org.gradle.internal.remote.internal.inet.InetAddresses] Adding remote address /fe80:0:0:0:85d0:b0ba:7974:c0f0%net1
2025-01-27T21:01:59.369+0100 [DEBUG] [org.gradle.internal.remote.internal.inet.InetAddresses] Adding IP addresses for network interface Microsoft IP-HTTPS Platform Adapter
2025-01-27T21:01:59.371+0100 [DEBUG] [org.gradle.internal.remote.internal.inet.InetAddresses] Is this a loopback interface? false
2025-01-27T21:01:59.372+0100 [DEBUG] [org.gradle.internal.remote.internal.inet.InetAddresses] Adding IP addresses for network interface WAN Miniport (IPv6)
2025-01-27T21:01:59.374+0100 [DEBUG] [org.gradle.internal.remote.internal.inet.InetAddresses] Is this a loopback interface? false
2025-01-27T21:01:59.375+0100 [DEBUG] [org.gradle.internal.remote.internal.inet.InetAddresses] Adding IP addresses for network interface WAN Miniport (Network Monitor)
2025-01-27T21:01:59.377+0100 [DEBUG] [org.gradle.internal.remote.internal.inet.InetAddresses] Is this a loopback interface? false
2025-01-27T21:01:59.378+0100 [DEBUG] [org.gradle.internal.remote.internal.inet.InetAddresses] Adding IP addresses for network interface Intel(R) Wi-Fi 6 AX200 160MHz
2025-01-27T21:01:59.380+0100 [DEBUG] [org.gradle.internal.remote.internal.inet.InetAddresses] Is this a loopback interface? false
2025-01-27T21:01:59.380+0100 [DEBUG] [org.gradle.internal.remote.internal.inet.InetAddresses] Adding IP addresses for network interface Realtek Gaming 2.5GbE Family Controller
2025-01-27T21:01:59.382+0100 [DEBUG] [org.gradle.internal.remote.internal.inet.InetAddresses] Is this a loopback interface? false
2025-01-27T21:01:59.383+0100 [DEBUG] [org.gradle.internal.remote.internal.inet.InetAddresses] Adding remote address /192.168.0.121
2025-01-27T21:01:59.383+0100 [DEBUG] [org.gradle.internal.remote.internal.inet.InetAddresses] Adding remote address /2a02:8388:8b85:d00:264b:6420:74b7:d963
2025-01-27T21:01:59.384+0100 [DEBUG] [org.gradle.internal.remote.internal.inet.InetAddresses] Adding remote address /2a02:8388:8b85:d00:483:b077:3263:751e
2025-01-27T21:01:59.385+0100 [DEBUG] [org.gradle.internal.remote.internal.inet.InetAddresses] Adding remote address /fe80:0:0:0:600b:cb3c:61b2:baf2%eth3
2025-01-27T21:01:59.385+0100 [DEBUG] [org.gradle.internal.remote.internal.inet.InetAddresses] Adding IP addresses for network interface Intel(R) I211 Gigabit Network Connection #2
2025-01-27T21:01:59.387+0100 [DEBUG] [org.gradle.internal.remote.internal.inet.InetAddresses] Is this a loopback interface? false
2025-01-27T21:01:59.388+0100 [DEBUG] [org.gradle.internal.remote.internal.inet.InetAddresses] Adding IP addresses for network interface WAN Miniport (SSTP)
2025-01-27T21:01:59.390+0100 [DEBUG] [org.gradle.internal.remote.internal.inet.InetAddresses] Is this a loopback interface? false
2025-01-27T21:01:59.391+0100 [DEBUG] [org.gradle.internal.remote.internal.inet.InetAddresses] Adding IP addresses for network interface Microsoft Teredo Tunneling Adapter
2025-01-27T21:01:59.393+0100 [DEBUG] [org.gradle.internal.remote.internal.inet.InetAddresses] Is this a loopback interface? false
2025-01-27T21:01:59.394+0100 [DEBUG] [org.gradle.internal.remote.internal.inet.InetAddresses] Adding IP addresses for network interface Realtek Gaming 2.5GbE Family Controller #2
2025-01-27T21:01:59.396+0100 [DEBUG] [org.gradle.internal.remote.internal.inet.InetAddresses] Is this a loopback interface? false
2025-01-27T21:01:59.397+0100 [DEBUG] [org.gradle.internal.remote.internal.inet.InetAddresses] Adding IP addresses for network interface WAN Miniport (IP)
2025-01-27T21:01:59.399+0100 [DEBUG] [org.gradle.internal.remote.internal.inet.InetAddresses] Is this a loopback interface? false
2025-01-27T21:01:59.399+0100 [DEBUG] [org.gradle.internal.remote.internal.inet.InetAddresses] Adding IP addresses for network interface ExpressVPN TAP Adapter
2025-01-27T21:01:59.402+0100 [DEBUG] [org.gradle.internal.remote.internal.inet.InetAddresses] Is this a loopback interface? false
2025-01-27T21:01:59.402+0100 [DEBUG] [org.gradle.internal.remote.internal.inet.InetAddresses] Adding IP addresses for network interface Intel(R) I211 Gigabit Network Connection
2025-01-27T21:01:59.405+0100 [DEBUG] [org.gradle.internal.remote.internal.inet.InetAddresses] Is this a loopback interface? false
2025-01-27T21:01:59.405+0100 [DEBUG] [org.gradle.internal.remote.internal.inet.InetAddresses] Adding IP addresses for network interface WAN Miniport (IKEv2)
2025-01-27T21:01:59.408+0100 [DEBUG] [org.gradle.internal.remote.internal.inet.InetAddresses] Is this a loopback interface? false
2025-01-27T21:01:59.408+0100 [DEBUG] [org.gradle.internal.remote.internal.inet.InetAddresses] Adding IP addresses for network interface WAN Miniport (L2TP)
2025-01-27T21:01:59.411+0100 [DEBUG] [org.gradle.internal.remote.internal.inet.InetAddresses] Is this a loopback interface? false
2025-01-27T21:01:59.411+0100 [DEBUG] [org.gradle.internal.remote.internal.inet.InetAddresses] Adding IP addresses for network interface Intel(R) Ethernet Connection (7) I219-V
2025-01-27T21:01:59.414+0100 [DEBUG] [org.gradle.internal.remote.internal.inet.InetAddresses] Is this a loopback interface? false
2025-01-27T21:01:59.414+0100 [DEBUG] [org.gradle.internal.remote.internal.inet.InetAddresses] Adding IP addresses for network interface WAN Miniport (PPPOE)
2025-01-27T21:01:59.417+0100 [DEBUG] [org.gradle.internal.remote.internal.inet.InetAddresses] Is this a loopback interface? false
2025-01-27T21:01:59.418+0100 [DEBUG] [org.gradle.internal.remote.internal.inet.InetAddresses] Adding IP addresses for network interface WAN Miniport (PPTP)
2025-01-27T21:01:59.420+0100 [DEBUG] [org.gradle.internal.remote.internal.inet.InetAddresses] Is this a loopback interface? false
2025-01-27T21:01:59.420+0100 [DEBUG] [org.gradle.internal.remote.internal.inet.InetAddresses] Adding IP addresses for network interface Realtek Gaming 2.5GbE Family Controller-WFP Native MAC Layer LightWeight Filter-0000
2025-01-27T21:01:59.422+0100 [DEBUG] [org.gradle.internal.remote.internal.inet.InetAddresses] Is this a loopback interface? false
2025-01-27T21:01:59.423+0100 [DEBUG] [org.gradle.internal.remote.internal.inet.InetAddresses] Adding IP addresses for network interface Realtek Gaming 2.5GbE Family Controller-QoS Packet Scheduler-0000
2025-01-27T21:01:59.425+0100 [DEBUG] [org.gradle.internal.remote.internal.inet.InetAddresses] Is this a loopback interface? false
2025-01-27T21:01:59.426+0100 [DEBUG] [org.gradle.internal.remote.internal.inet.InetAddresses] Adding IP addresses for network interface Realtek Gaming 2.5GbE Family Controller-WFP 802.3 MAC Layer LightWeight Filter-0000
2025-01-27T21:01:59.428+0100 [DEBUG] [org.gradle.internal.remote.internal.inet.InetAddresses] Is this a loopback interface? false
2025-01-27T21:01:59.428+0100 [DEBUG] [org.gradle.internal.remote.internal.inet.InetAddresses] Adding IP addresses for network interface WAN Miniport (IP)-WFP Native MAC Layer LightWeight Filter-0000
2025-01-27T21:01:59.430+0100 [DEBUG] [org.gradle.internal.remote.internal.inet.InetAddresses] Is this a loopback interface? false
2025-01-27T21:01:59.431+0100 [DEBUG] [org.gradle.internal.remote.internal.inet.InetAddresses] Adding IP addresses for network interface WAN Miniport (IP)-QoS Packet Scheduler-0000
2025-01-27T21:01:59.433+0100 [DEBUG] [org.gradle.internal.remote.internal.inet.InetAddresses] Is this a loopback interface? false
2025-01-27T21:01:59.434+0100 [DEBUG] [org.gradle.internal.remote.internal.inet.InetAddresses] Adding IP addresses for network interface WAN Miniport (IPv6)-WFP Native MAC Layer LightWeight Filter-0000
2025-01-27T21:01:59.436+0100 [DEBUG] [org.gradle.internal.remote.internal.inet.InetAddresses] Is this a loopback interface? false
2025-01-27T21:01:59.437+0100 [DEBUG] [org.gradle.internal.remote.internal.inet.InetAddresses] Adding IP addresses for network interface WAN Miniport (IPv6)-QoS Packet Scheduler-0000
2025-01-27T21:01:59.439+0100 [DEBUG] [org.gradle.internal.remote.internal.inet.InetAddresses] Is this a loopback interface? false
2025-01-27T21:01:59.439+0100 [DEBUG] [org.gradle.internal.remote.internal.inet.InetAddresses] Adding IP addresses for network interface WAN Miniport (Network Monitor)-WFP Native MAC Layer LightWeight Filter-0000
2025-01-27T21:01:59.442+0100 [DEBUG] [org.gradle.internal.remote.internal.inet.InetAddresses] Is this a loopback interface? false
2025-01-27T21:01:59.442+0100 [DEBUG] [org.gradle.internal.remote.internal.inet.InetAddresses] Adding IP addresses for network interface WAN Miniport (Network Monitor)-QoS Packet Scheduler-0000
2025-01-27T21:01:59.445+0100 [DEBUG] [org.gradle.internal.remote.internal.inet.InetAddresses] Is this a loopback interface? false
2025-01-27T21:01:59.451+0100 [DEBUG] [org.gradle.internal.remote.internal.inet.TcpIncomingConnector] Listening on [b0fa9320-6248-4dbc-8bff-e2834f7070f7 port:60414, addresses:[localhost/127.0.0.1]].
2025-01-27T21:01:59.478+0100 [DEBUG] [org.gradle.launcher.daemon.server.Daemon] Daemon starting at: Mon Jan 27 21:01:59 CET 2025, with address: [b0fa9320-6248-4dbc-8bff-e2834f7070f7 port:60414, addresses:[localhost/127.0.0.1]]
2025-01-27T21:01:59.478+0100 [INFO] [org.gradle.launcher.daemon.server.DaemonRegistryUpdater] Advertising the daemon address to the clients: [b0fa9320-6248-4dbc-8bff-e2834f7070f7 port:60414, addresses:[localhost/127.0.0.1]]
2025-01-27T21:01:59.479+0100 [DEBUG] [org.gradle.launcher.daemon.server.DaemonRegistryUpdater] Advertised daemon context: DefaultDaemonContext[uid=c4e90a48-c1fa-41f9-ab19-0e4fcec24da7,javaHome=C:\Program Files\Eclipse Adoptium\jdk-17.0.10.7-hotspot,daemonRegistryDir=C:\Users\ragna\Documents\dimensional_wells_1.21\daemon,pid=4024,idleTimeout=10800000,priority=NORMAL,applyInstrumentationAgent=true,daemonOpts=--add-opens=java.base/java.util=ALL-UNNAMED,--add-opens=java.base/java.lang=ALL-UNNAMED,--add-opens=java.base/java.lang.invoke=ALL-UNNAMED,--add-opens=java.prefs/java.util.prefs=ALL-UNNAMED,--add-opens=java.base/java.nio.charset=ALL-UNNAMED,--add-opens=java.base/java.net=ALL-UNNAMED,--add-opens=java.base/java.util.concurrent.atomic=ALL-UNNAMED,-Xmx1G,-Dfile.encoding=windows-1252,-Duser.country=US,-Duser.language=en,-Duser.variant]
2025-01-27T21:01:59.481+0100 [DEBUG] [org.gradle.launcher.daemon.registry.PersistentDaemonRegistry] Storing daemon address: [b0fa9320-6248-4dbc-8bff-e2834f7070f7 port:60414, addresses:[localhost/127.0.0.1]], context: DefaultDaemonContext[uid=c4e90a48-c1fa-41f9-ab19-0e4fcec24da7,javaHome=C:\Program Files\Eclipse Adoptium\jdk-17.0.10.7-hotspot,daemonRegistryDir=C:\Users\ragna\Documents\dimensional_wells_1.21\daemon,pid=4024,idleTimeout=10800000,priority=NORMAL,applyInstrumentationAgent=true,daemonOpts=--add-opens=java.base/java.util=ALL-UNNAMED,--add-opens=java.base/java.lang=ALL-UNNAMED,--add-opens=java.base/java.lang.invoke=ALL-UNNAMED,--add-opens=java.prefs/java.util.prefs=ALL-UNNAMED,--add-opens=java.base/java.nio.charset=ALL-UNNAMED,--add-opens=java.base/java.net=ALL-UNNAMED,--add-opens=java.base/java.util.concurrent.atomic=ALL-UNNAMED,-Xmx1G,-Dfile.encoding=windows-1252,-Duser.country=US,-Duser.language=en,-Duser.variant]
2025-01-27T21:01:59.494+0100 [DEBUG] [org.gradle.cache.internal.DefaultFileLockManager] Waiting to acquire exclusive lock on daemon addresses registry.
2025-01-27T21:01:59.497+0100 [DEBUG] [org.gradle.cache.internal.DefaultFileLockManager] Lock acquired on daemon addresses registry.
2025-01-27T21:01:59.502+0100 [DEBUG] [org.gradle.cache.internal.DefaultFileLockManager] Releasing lock on daemon addresses registry.
2025-01-27T21:01:59.503+0100 [LIFECYCLE] [org.gradle.launcher.daemon.server.Daemon] Daemon server started.
2025-01-27T21:01:59.505+0100 [DEBUG] [org.gradle.launcher.daemon.bootstrap.DaemonStartupCommunication] Completed writing the daemon greeting. Closing streams...
2025-01-27T21:01:59.510+0100 [DEBUG] [org.gradle.launcher.daemon.server.Daemon] stopOnExpiration() called on daemon
2025-01-27T21:01:59.513+0100 [DEBUG] [org.gradle.launcher.daemon.server.Daemon] awaitExpiration() called on daemon
2025-01-27T21:01:59.514+0100 [DEBUG] [org.gradle.launcher.daemon.server.DaemonStateCoordinator] daemon is running. Sleeping until state changes.
2025-01-27T21:01:59.515+0100 [DEBUG] [org.gradle.internal.remote.internal.inet.TcpIncomingConnector] Accepted connection from /127.0.0.1:60415 to /127.0.0.1:60414.
2025-01-27T21:01:59.626+0100 [DEBUG] [org.gradle.launcher.daemon.server.SynchronizedDispatchConnection] thread 30: received class org.gradle.launcher.daemon.protocol.Build
2025-01-27T21:01:59.627+0100 [DEBUG] [org.gradle.launcher.daemon.server.DefaultDaemonConnection] thread 30: Received non-IO message from client: Build{id=a15b2031-765b-4b09-9584-876fb95fc015, currentDir=D:\lying_skeletons_1.20.1}
2025-01-27T21:01:59.628+0100 [INFO] [org.gradle.launcher.daemon.server.DefaultIncomingConnectionHandler] Received command: Build{id=a15b2031-765b-4b09-9584-876fb95fc015, currentDir=D:\lying_skeletons_1.20.1}.
2025-01-27T21:01:59.629+0100 [DEBUG] [org.gradle.launcher.daemon.server.DefaultIncomingConnectionHandler] Starting executing command: Build{id=a15b2031-765b-4b09-9584-876fb95fc015, currentDir=D:\lying_skeletons_1.20.1} with connection: socket connection from /127.0.0.1:60414 to /127.0.0.1:60415.
2025-01-27T21:01:59.633+0100 [DEBUG] [org.gradle.launcher.daemon.server.DaemonStateCoordinator] Command execution: started DaemonCommandExecution[command = Build{id=a15b2031-765b-4b09-9584-876fb95fc015, currentDir=D:\lying_skeletons_1.20.1}, connection = DefaultDaemonConnection: socket connection from /127.0.0.1:60414 to /127.0.0.1:60415] after 0.0 minutes of idle
2025-01-27T21:01:59.634+0100 [INFO] [org.gradle.launcher.daemon.server.DaemonRegistryUpdater] Marking the daemon as busy, address: [b0fa9320-6248-4dbc-8bff-e2834f7070f7 port:60414, addresses:[localhost/127.0.0.1]]
2025-01-27T21:01:59.634+0100 [DEBUG] [org.gradle.launcher.daemon.registry.PersistentDaemonRegistry] Marking busy by address: [b0fa9320-6248-4dbc-8bff-e2834f7070f7 port:60414, addresses:[localhost/127.0.0.1]]
2025-01-27T21:01:59.636+0100 [DEBUG] [org.gradle.cache.internal.DefaultFileLockManager] Waiting to acquire exclusive lock on daemon addresses registry.
2025-01-27T21:01:59.637+0100 [DEBUG] [org.gradle.cache.internal.DefaultFileLockManager] Lock acquired on daemon addresses registry.
2025-01-27T21:01:59.639+0100 [DEBUG] [org.gradle.cache.internal.DefaultFileLockManager] Releasing lock on daemon addresses registry.
2025-01-27T21:01:59.640+0100 [DEBUG] [org.gradle.launcher.daemon.server.DaemonStateCoordinator] resetting idle timer
2025-01-27T21:01:59.641+0100 [DEBUG] [org.gradle.launcher.daemon.server.DaemonStateCoordinator] daemon is running. Sleeping until state changes.
2025-01-27T21:01:59.641+0100 [INFO] [org.gradle.launcher.daemon.server.exec.StartBuildOrRespondWithBusy] Daemon is about to start building Build{id=a15b2031-765b-4b09-9584-876fb95fc015, currentDir=D:\lying_skeletons_1.20.1}. Dispatching build started information...
2025-01-27T21:01:59.643+0100 [DEBUG] [org.gradle.launcher.daemon.server.SynchronizedDispatchConnection] thread 32: dispatching org.gradle.launcher.daemon.protocol.BuildStarted@557acdb3
2025-01-27T21:01:59.645+0100 [DEBUG] [org.gradle.launcher.daemon.server.exec.EstablishBuildEnvironment] Configuring env variables: [USERDOMAIN_ROAMINGPROFILE, LOCALAPPDATA, PROCESSOR_LEVEL, USERDOMAIN, LOGONSERVER, FPS_BROWSER_APP_PROFILE_STRING, JAVA_HOME, SESSIONNAME, ALLUSERSPROFILE, PROCESSOR_ARCHITECTURE, PSModulePath, SystemDrive, OneDrive, APPDATA, USERNAME, EFC_15932, OculusBase, ProgramFiles(x86), CommonProgramFiles, Path, FPS_BROWSER_USER_PROFILE_STRING, PATHEXT, DriverData, OS, OneDriveConsumer, COMPUTERNAME, PROCESSOR_REVISION, CommonProgramW6432, ComSpec, ProgramData, ProgramW6432, TEMP, HOMEPATH, SystemRoot, PROCESSOR_IDENTIFIER, HOMEDRIVE, USERPROFILE, TMP, CommonProgramFiles(x86), ProgramFiles, PUBLIC, windir, NUMBER_OF_PROCESSORS, =::, IDEA_INITIAL_DIRECTORY]
2025-01-27T21:01:59.649+0100 [DEBUG] [org.gradle.launcher.daemon.server.SynchronizedDispatchConnection] thread 30: received class org.gradle.launcher.daemon.protocol.CloseInput
2025-01-27T21:01:59.650+0100 [DEBUG] [org.gradle.launcher.daemon.server.DefaultDaemonConnection] thread 30: Received IO message from client: org.gradle.launcher.daemon.protocol.CloseInput@596a7287
2025-01-27T21:01:59.653+0100 [DEBUG] [org.gradle.launcher.daemon.server.exec.LogToClient] About to start relaying all logs to the client via the connection.
2025-01-27T21:01:59.654+0100 [INFO] [org.gradle.launcher.daemon.server.exec.LogToClient] The client will now receive all logging from the daemon (pid: 4024). The daemon log file: C:\Users\ragna\Documents\dimensional_wells_1.21\daemon\8.7\daemon-4024.out.log
2025-01-27T21:01:59.657+0100 [INFO] [org.gradle.launcher.daemon.server.exec.LogAndCheckHealth] Starting build in new daemon [memory: 1 GiB]
2025-01-27T21:01:59.658+0100 [INFO] [org.gradle.launcher.daemon.server.exec.ForwardClientInput] Closing daemon's stdin at end of input.
2025-01-27T21:01:59.659+0100 [INFO] [org.gradle.launcher.daemon.server.exec.ForwardClientInput] The daemon will no longer process any standard input.
2025-01-27T21:01:59.660+0100 [DEBUG] [org.gradle.launcher.daemon.server.exec.ExecuteBuild] The daemon has started executing the build.
2025-01-27T21:01:59.661+0100 [DEBUG] [org.gradle.launcher.daemon.server.exec.ExecuteBuild] Executing build with daemon context: DefaultDaemonContext[uid=c4e90a48-c1fa-41f9-ab19-0e4fcec24da7,javaHome=C:\Program Files\Eclipse Adoptium\jdk-17.0.10.7-hotspot,daemonRegistryDir=C:\Users\ragna\Documents\dimensional_wells_1.21\daemon,pid=4024,idleTimeout=10800000,priority=NORMAL,applyInstrumentationAgent=true,daemonOpts=--add-opens=java.base/java.util=ALL-UNNAMED,--add-opens=java.base/java.lang=ALL-UNNAMED,--add-opens=java.base/java.lang.invoke=ALL-UNNAMED,--add-opens=java.prefs/java.util.prefs=ALL-UNNAMED,--add-opens=java.base/java.nio.charset=ALL-UNNAMED,--add-opens=java.base/java.net=ALL-UNNAMED,--add-opens=java.base/java.util.concurrent.atomic=ALL-UNNAMED,-Xmx1G,-Dfile.encoding=windows-1252,-Duser.country=US,-Duser.language=en,-Duser.variant]
Fabric Loom: 1.6.12
Previous process has disowned the lock due to abrupt termination.
Found existing cache lock file (ACQUIRED_PREVIOUS_OWNER_DISOWNED), rebuilding loom cache. This may have been caused by a failed or canceled build.

FAILURE: Build failed with an exception.

* What went wrong:
A problem occurred configuring root project 'lying_skeletons_1.20.1'.
> Failed to setup Minecraft, java.lang.IllegalStateException: Minecraft 1.21 requires Java 21 but Gradle is using 17

* Try:
> Run with --stacktrace option to get the stack trace.
> Run with --info or --debug option to get more log output.
> Run with --scan to get full insights.
> Get more help at https://help.gradle.org.

CONFIGURE FAILED in 13s
2025-01-27T21:02:07.966+0100 [DEBUG] [org.gradle.launcher.daemon.server.exec.ExecuteBuild] The daemon has finished executing the build.
2025-01-27T21:02:07.982+0100 [DEBUG] [org.gradle.launcher.daemon.server.DaemonStateCoordinator] daemon is running. Sleeping until state changes.
2025-01-27T21:02:07.983+0100 [DEBUG] [org.gradle.launcher.daemon.server.DaemonStateCoordinator] Command execution: finished waiting for DaemonCommandExecution[command = Build{id=a15b2031-765b-4b09-9584-876fb95fc015, currentDir=D:\lying_skeletons_1.20.1}, connection = DefaultDaemonConnection: socket connection from /127.0.0.1:60414 to /127.0.0.1:60415]. Result org.gradle.launcher.daemon.server.DaemonStateCoordinator@23a2ade7 with state Busy
2025-01-27T21:02:07.984+0100 [DEBUG] [org.gradle.launcher.daemon.server.DaemonStateCoordinator] Command execution: completed DaemonCommandExecution[command = Build{id=a15b2031-765b-4b09-9584-876fb95fc015, currentDir=D:\lying_skeletons_1.20.1}, connection = DefaultDaemonConnection: socket connection from /127.0.0.1:60414 to /127.0.0.1:60415]
2025-01-27T21:02:07.984+0100 [DEBUG] [org.gradle.launcher.daemon.server.DaemonStateCoordinator] resetting idle timer
2025-01-27T21:02:07.985+0100 [INFO] [org.gradle.launcher.daemon.server.DaemonRegistryUpdater] Marking the daemon as idle, address: [b0fa9320-6248-4dbc-8bff-e2834f7070f7 port:60414, addresses:[localhost/127.0.0.1]]
2025-01-27T21:02:07.985+0100 [DEBUG] [org.gradle.launcher.daemon.registry.PersistentDaemonRegistry] Marking busy by address: [b0fa9320-6248-4dbc-8bff-e2834f7070f7 port:60414, addresses:[localhost/127.0.0.1]]
2025-01-27T21:02:07.987+0100 [DEBUG] [org.gradle.cache.internal.DefaultFileLockManager] Waiting to acquire exclusive lock on daemon addresses registry.
2025-01-27T21:02:07.988+0100 [DEBUG] [org.gradle.cache.internal.DefaultFileLockManager] Lock acquired on daemon addresses registry.
2025-01-27T21:02:07.991+0100 [DEBUG] [org.gradle.cache.internal.DefaultFileLockManager] Releasing lock on daemon addresses registry.
2025-01-27T21:02:07.993+0100 [DEBUG] [org.gradle.launcher.daemon.server.DaemonStateCoordinator] daemon is running. Sleeping until state changes.
2025-01-27T21:02:07.993+0100 [DEBUG] [org.gradle.launcher.daemon.server.exec.ReturnResult] Daemon is dispatching the build result: Success[value=org.gradle.launcher.exec.BuildActionResult@271cbbca]
2025-01-27T21:02:07.994+0100 [DEBUG] [org.gradle.launcher.daemon.server.SynchronizedDispatchConnection] thread 29: dispatching Success[value=org.gradle.launcher.exec.BuildActionResult@271cbbca]
2025-01-27T21:02:08.001+0100 [DEBUG] [org.gradle.launcher.daemon.server.exec.CleanUpVirtualFileSystemAfterBuild] Cleaning virtual file system after build finished
2025-01-27T21:02:08.001+0100 [DEBUG] [org.gradle.launcher.daemon.server.DefaultIncomingConnectionHandler] Finishing executing command: Build{id=a15b2031-765b-4b09-9584-876fb95fc015, currentDir=D:\lying_skeletons_1.20.1}
2025-01-27T21:02:08.008+0100 [DEBUG] [org.gradle.launcher.daemon.server.SynchronizedDispatchConnection] thread 30: received class org.gradle.launcher.daemon.protocol.Finished
2025-01-27T21:02:08.009+0100 [DEBUG] [org.gradle.launcher.daemon.server.DefaultDaemonConnection] thread 30: Received non-IO message from client: org.gradle.launcher.daemon.protocol.Finished@69f81bb4
2025-01-27T21:02:08.010+0100 [DEBUG] [org.gradle.launcher.daemon.server.DefaultIncomingConnectionHandler] Received finished message: org.gradle.launcher.daemon.protocol.Finished@69f81bb4
2025-01-27T21:02:08.010+0100 [DEBUG] [org.gradle.internal.remote.internal.inet.SocketConnection] Discarding EOFException: java.io.EOFException
2025-01-27T21:02:08.010+0100 [DEBUG] [org.gradle.launcher.daemon.server.SynchronizedDispatchConnection] thread 29: stopping connection
2025-01-27T21:02:08.011+0100 [DEBUG] [org.gradle.launcher.daemon.server.SynchronizedDispatchConnection] thread 30: received null
2025-01-27T21:02:08.013+0100 [DEBUG] [org.gradle.launcher.daemon.server.DefaultDaemonConnection] thread 30: Received end-of-input from client.
2025-01-27T21:02:08.013+0100 [DEBUG] [org.gradle.launcher.daemon.server.SynchronizedDispatchConnection] thread 29: stopping connection
2025-01-27T21:02:09.521+0100 [DEBUG] [org.gradle.cache.internal.DefaultFileLockManager] Waiting to acquire shared lock on daemon addresses registry.
2025-01-27T21:02:09.522+0100 [DEBUG] [org.gradle.cache.internal.DefaultFileLockManager] Lock acquired on daemon addresses registry.
2025-01-27T21:02:09.523+0100 [DEBUG] [org.gradle.cache.internal.DefaultFileLockManager] Releasing lock on daemon addresses registry.
2025-01-27T21:02:09.525+0100 [DEBUG] [org.gradle.cache.internal.DefaultFileLockManager] Waiting to acquire shared lock on daemon addresses registry.
2025-01-27T21:02:09.526+0100 [DEBUG] [org.gradle.cache.internal.DefaultFileLockManager] Lock acquired on daemon addresses registry.
2025-01-27T21:02:09.527+0100 [DEBUG] [org.gradle.cache.internal.DefaultFileLockManager] Releasing lock on daemon addresses registry.
2025-01-27T21:02:13.080+0100 [DEBUG] [org.gradle.cache.internal.LockOnDemandCrossProcessCacheAccess] Lock on artifact cache (C:\Users\ragna\Documents\dimensional_wells_1.21\caches\modules-2) requested by another process - releasing lock.
2025-01-27T21:02:13.081+0100 [DEBUG] [org.gradle.cache.internal.LockOnDemandCrossProcessCacheAccess] Releasing file lock for artifact cache (C:\Users\ragna\Documents\dimensional_wells_1.21\caches\modules-2)
2025-01-27T21:02:13.081+0100 [DEBUG] [org.gradle.cache.internal.btree.BTreePersistentIndexedCache] Closing cache module-artifact.bin (C:\Users\ragna\Documents\dimensional_wells_1.21\caches\modules-2\metadata-2.106\module-artifact.bin)
2025-01-27T21:02:13.084+0100 [DEBUG] [org.gradle.cache.internal.btree.BTreePersistentIndexedCache] Closing cache module-metadata.bin (C:\Users\ragna\Documents\dimensional_wells_1.21\caches\modules-2\metadata-2.106\module-metadata.bin)
2025-01-27T21:02:13.085+0100 [DEBUG] [org.gradle.cache.internal.DefaultFileLockManager] Releasing lock on artifact cache (C:\Users\ragna\Documents\dimensional_wells_1.21\caches\modules-2).
2025-01-27T21:02:13.086+0100 [DEBUG] [org.gradle.cache.internal.locklistener.FileLockCommunicator] Confirming lock release to Gradle process at port 64600 for lock with id 3403548075549293382.
2025-01-27T21:02:13.087+0100 [DEBUG] [org.gradle.cache.internal.locklistener.FileLockCommunicator] Confirming lock release to Gradle process at port 64600 for lock with id 3403548075549293382.
2025-01-27T21:02:13.115+0100 [DEBUG] [org.gradle.cache.internal.LockOnDemandCrossProcessCacheAccess] Lock on journal cache (C:\Users\ragna\Documents\dimensional_wells_1.21\caches\journal-1) requested by another process - releasing lock.
2025-01-27T21:02:13.116+0100 [DEBUG] [org.gradle.cache.internal.LockOnDemandCrossProcessCacheAccess] Releasing file lock for journal cache (C:\Users\ragna\Documents\dimensional_wells_1.21\caches\journal-1)
2025-01-27T21:02:13.117+0100 [DEBUG] [org.gradle.cache.internal.btree.BTreePersistentIndexedCache] Closing cache file-access.bin (C:\Users\ragna\Documents\dimensional_wells_1.21\caches\journal-1\file-access.bin)
2025-01-27T21:02:13.118+0100 [DEBUG] [org.gradle.cache.internal.DefaultFileLockManager] Releasing lock on journal cache (C:\Users\ragna\Documents\dimensional_wells_1.21\caches\journal-1).
2025-01-27T21:02:13.119+0100 [DEBUG] [org.gradle.cache.internal.locklistener.FileLockCommunicator] Confirming lock release to Gradle process at port 64600 for lock with id -5381175037280719538.
2025-01-27T21:02:13.119+0100 [DEBUG] [org.gradle.cache.internal.locklistener.FileLockCommunicator] Confirming lock release to Gradle process at port 64600 for lock with id -5381175037280719538.
2025-01-27T21:02:19.524+0100 [DEBUG] [org.gradle.cache.internal.DefaultFileLockManager] Waiting to acquire shared lock on daemon addresses registry.
2025-01-27T21:02:19.525+0100 [DEBUG] [org.gradle.cache.internal.DefaultFileLockManager] Lock acquired on daemon addresses registry.
2025-01-27T21:02:19.526+0100 [DEBUG] [org.gradle.cache.internal.DefaultFileLockManager] Releasing lock on daemon addresses registry.
2025-01-27T21:02:19.528+0100 [DEBUG] [org.gradle.cache.internal.DefaultFileLockManager] Waiting to acquire shared lock on daemon addresses registry.
2025-01-27T21:02:19.529+0100 [DEBUG] [org.gradle.cache.internal.DefaultFileLockManager] Lock acquired on daemon addresses registry.
2025-01-27T21:02:19.530+0100 [DEBUG] [org.gradle.cache.internal.DefaultFileLockManager] Releasing lock on daemon addresses registry.
2025-01-27T21:02:19.531+0100 [DEBUG] [org.gradle.cache.internal.DefaultFileLockManager] Waiting to acquire shared lock on daemon addresses registry.
2025-01-27T21:02:19.532+0100 [DEBUG] [org.gradle.cache.internal.DefaultFileLockManager] Lock acquired on daemon addresses registry.
2025-01-27T21:02:19.533+0100 [DEBUG] [org.gradle.cache.internal.DefaultFileLockManager] Releasing lock on daemon addresses registry.
2025-01-27T21:02:29.520+0100 [DEBUG] [org.gradle.cache.internal.DefaultFileLockManager] Waiting to acquire shared lock on daemon addresses registry.
2025-01-27T21:02:29.521+0100 [DEBUG] [org.gradle.cache.internal.DefaultFileLockManager] Lock acquired on daemon addresses registry.
2025-01-27T21:02:29.522+0100 [DEBUG] [org.gradle.cache.internal.DefaultFileLockManager] Releasing lock on daemon addresses registry.
2025-01-27T21:02:29.523+0100 [DEBUG] [org.gradle.cache.internal.DefaultFileLockManager] Waiting to acquire shared lock on daemon addresses registry.
2025-01-27T21:02:29.524+0100 [DEBUG] [org.gradle.cache.internal.DefaultFileLockManager] Lock acquired on daemon addresses registry.
2025-01-27T21:02:29.525+0100 [DEBUG] [org.gradle.cache.internal.DefaultFileLockManager] Releasing lock on daemon addresses registry.
2025-01-27T21:02:29.527+0100 [DEBUG] [org.gradle.cache.internal.DefaultFileLockManager] Waiting to acquire shared lock on daemon addresses registry.
2025-01-27T21:02:29.528+0100 [DEBUG] [org.gradle.cache.internal.DefaultFileLockManager] Lock acquired on daemon addresses registry.
2025-01-27T21:02:29.528+0100 [DEBUG] [org.gradle.cache.internal.DefaultFileLockManager] Releasing lock on daemon addresses registry.
2025-01-27T21:02:39.515+0100 [DEBUG] [org.gradle.cache.internal.DefaultFileLockManager] Waiting to acquire shared lock on daemon addresses registry.
2025-01-27T21:02:39.516+0100 [DEBUG] [org.gradle.cache.internal.DefaultFileLockManager] Lock acquired on daemon addresses registry.
2025-01-27T21:02:39.517+0100 [DEBUG] [org.gradle.cache.internal.DefaultFileLockManager] Releasing lock on daemon addresses registry.
2025-01-27T21:02:39.519+0100 [DEBUG] [org.gradle.cache.internal.DefaultFileLockManager] Waiting to acquire shared lock on daemon addresses registry.
2025-01-27T21:02:39.520+0100 [DEBUG] [org.gradle.cache.internal.DefaultFileLockManager] Lock acquired on daemon addresses registry.
2025-01-27T21:02:39.520+0100 [DEBUG] [org.gradle.cache.internal.DefaultFileLockManager] Releasing lock on daemon addresses registry.
2025-01-27T21:02:39.522+0100 [DEBUG] [org.gradle.cache.internal.DefaultFileLockManager] Waiting to acquire shared lock on daemon addresses registry.
2025-01-27T21:02:39.523+0100 [DEBUG] [org.gradle.cache.internal.DefaultFileLockManager] Lock acquired on daemon addresses registry.
2025-01-27T21:02:39.524+0100 [DEBUG] [org.gradle.cache.internal.DefaultFileLockManager] Releasing lock on daemon addresses registry.
2025-01-27T21:02:49.515+0100 [DEBUG] [org.gradle.cache.internal.DefaultFileLockManager] Waiting to acquire shared lock on daemon addresses registry.
2025-01-27T21:02:49.516+0100 [DEBUG] [org.gradle.cache.internal.DefaultFileLockManager] Lock acquired on daemon addresses registry.
2025-01-27T21:02:49.517+0100 [DEBUG] [org.gradle.cache.internal.DefaultFileLockManager] Releasing lock on daemon addresses registry.
2025-01-27T21:02:49.519+0100 [DEBUG] [org.gradle.cache.internal.DefaultFileLockManager] Waiting to acquire shared lock on daemon addresses registry.
2025-01-27T21:02:49.520+0100 [DEBUG] [org.gradle.cache.internal.DefaultFileLockManager] Lock acquired on daemon addresses registry.
2025-01-27T21:02:49.521+0100 [DEBUG] [org.gradle.cache.internal.DefaultFileLockManager] Releasing lock on daemon addresses registry.
2025-01-27T21:02:49.522+0100 [DEBUG] [org.gradle.cache.internal.DefaultFileLockManager] Waiting to acquire shared lock on daemon addresses registry.
2025-01-27T21:02:49.523+0100 [DEBUG] [org.gradle.cache.internal.DefaultFileLockManager] Lock acquired on daemon addresses registry.
2025-01-27T21:02:49.524+0100 [DEBUG] [org.gradle.cache.internal.DefaultFileLockManager] Releasing lock on daemon addresses registry.
2025-01-27T21:02:59.517+0100 [DEBUG] [org.gradle.cache.internal.DefaultFileLockManager] Waiting to acquire shared lock on daemon addresses registry.
2025-01-27T21:02:59.518+0100 [DEBUG] [org.gradle.cache.internal.DefaultFileLockManager] Lock acquired on daemon addresses registry.
2025-01-27T21:02:59.519+0100 [DEBUG] [org.gradle.cache.internal.DefaultFileLockManager] Releasing lock on daemon addresses registry.
2025-01-27T21:02:59.521+0100 [DEBUG] [org.gradle.cache.internal.DefaultFileLockManager] Waiting to acquire shared lock on daemon addresses registry.
2025-01-27T21:02:59.522+0100 [DEBUG] [org.gradle.cache.internal.DefaultFileLockManager] Lock acquired on daemon addresses registry.
2025-01-27T21:02:59.523+0100 [DEBUG] [org.gradle.cache.internal.DefaultFileLockManager] Releasing lock on daemon addresses registry.
2025-01-27T21:02:59.524+0100 [DEBUG] [org.gradle.cache.internal.DefaultFileLockManager] Waiting to acquire shared lock on daemon addresses registry.
2025-01-27T21:02:59.525+0100 [DEBUG] [org.gradle.cache.internal.DefaultFileLockManager] Lock acquired on daemon addresses registry.
2025-01-27T21:02:59.526+0100 [DEBUG] [org.gradle.cache.internal.DefaultFileLockManager] Releasing lock on daemon addresses registry.
2025-01-27T21:03:09.528+0100 [DEBUG] [org.gradle.cache.internal.DefaultFileLockManager] Waiting to acquire shared lock on daemon addresses registry.
2025-01-27T21:03:09.529+0100 [DEBUG] [org.gradle.cache.internal.DefaultFileLockManager] Lock acquired on daemon addresses registry.
2025-01-27T21:03:09.530+0100 [DEBUG] [org.gradle.cache.internal.DefaultFileLockManager] Releasing lock on daemon addresses registry.
2025-01-27T21:03:09.532+0100 [DEBUG] [org.gradle.cache.internal.DefaultFileLockManager] Waiting to acquire shared lock on daemon addresses registry.
2025-01-27T21:03:09.533+0100 [DEBUG] [org.gradle.cache.internal.DefaultFileLockManager] Lock acquired on daemon addresses registry.
2025-01-27T21:03:09.534+0100 [DEBUG] [org.gradle.cache.internal.DefaultFileLockManager] Releasing lock on daemon addresses registry.
2025-01-27T21:03:09.536+0100 [DEBUG] [org.gradle.cache.internal.DefaultFileLockManager] Waiting to acquire shared lock on daemon addresses registry.
2025-01-27T21:03:09.537+0100 [DEBUG] [org.gradle.cache.internal.DefaultFileLockManager] Lock acquired on daemon addresses registry.
2025-01-27T21:03:09.538+0100 [DEBUG] [org.gradle.cache.internal.DefaultFileLockManager] Releasing lock on daemon addresses registry.
2025-01-27T21:03:19.529+0100 [DEBUG] [org.gradle.cache.internal.DefaultFileLockManager] Waiting to acquire shared lock on daemon addresses registry.
2025-01-27T21:03:19.531+0100 [DEBUG] [org.gradle.cache.internal.DefaultFileLockManager] Lock acquired on daemon addresses registry.
2025-01-27T21:03:19.532+0100 [DEBUG] [org.gradle.cache.internal.DefaultFileLockManager] Releasing lock on daemon addresses registry.
2025-01-27T21:03:19.535+0100 [DEBUG] [org.gradle.cache.internal.DefaultFileLockManager] Waiting to acquire shared lock on daemon addresses registry.
2025-01-27T21:03:19.537+0100 [DEBUG] [org.gradle.cache.internal.DefaultFileLockManager] Lock acquired on daemon addresses registry.
2025-01-27T21:03:19.538+0100 [DEBUG] [org.gradle.cache.internal.DefaultFileLockManager] Releasing lock on daemon addresses registry.
2025-01-27T21:03:19.542+0100 [DEBUG] [org.gradle.cache.internal.DefaultFileLockManager] Waiting to acquire shared lock on daemon addresses registry.
2025-01-27T21:03:19.543+0100 [DEBUG] [org.gradle.cache.internal.DefaultFileLockManager] Lock acquired on daemon addresses registry.
2025-01-27T21:03:19.544+0100 [DEBUG] [org.gradle.cache.internal.DefaultFileLockManager] Releasing lock on daemon addresses registry.
2025-01-27T21:03:29.525+0100 [DEBUG] [org.gradle.cache.internal.DefaultFileLockManager] Waiting to acquire shared lock on daemon addresses registry.
2025-01-27T21:03:29.526+0100 [DEBUG] [org.gradle.cache.internal.DefaultFileLockManager] Lock acquired on daemon addresses registry.
2025-01-27T21:03:29.527+0100 [DEBUG] [org.gradle.cache.internal.DefaultFileLockManager] Releasing lock on daemon addresses registry.
2025-01-27T21:03:29.530+0100 [DEBUG] [org.gradle.cache.internal.DefaultFileLockManager] Waiting to acquire shared lock on daemon addresses registry.
2025-01-27T21:03:29.530+0100 [DEBUG] [org.gradle.cache.internal.DefaultFileLockManager] Lock acquired on daemon addresses registry.
2025-01-27T21:03:29.531+0100 [DEBUG] [org.gradle.cache.internal.DefaultFileLockManager] Releasing lock on daemon addresses registry.
2025-01-27T21:03:29.533+0100 [DEBUG] [org.gradle.cache.internal.DefaultFileLockManager] Waiting to acquire shared lock on daemon addresses registry.
2025-01-27T21:03:29.534+0100 [DEBUG] [org.gradle.cache.internal.DefaultFileLockManager] Lock acquired on daemon addresses registry.
2025-01-27T21:03:29.535+0100 [DEBUG] [org.gradle.cache.internal.DefaultFileLockManager] Releasing lock on daemon addresses registry.
2025-01-27T21:03:39.516+0100 [DEBUG] [org.gradle.cache.internal.DefaultFileLockManager] Waiting to acquire shared lock on daemon addresses registry.
2025-01-27T21:03:39.517+0100 [DEBUG] [org.gradle.cache.internal.DefaultFileLockManager] Lock acquired on daemon addresses registry.
2025-01-27T21:03:39.518+0100 [DEBUG] [org.gradle.cache.internal.DefaultFileLockManager] Releasing lock on daemon addresses registry.
2025-01-27T21:03:39.520+0100 [DEBUG] [org.gradle.cache.internal.DefaultFileLockManager] Waiting to acquire shared lock on daemon addresses registry.
2025-01-27T21:03:39.521+0100 [DEBUG] [org.gradle.cache.internal.DefaultFileLockManager] Lock acquired on daemon addresses registry.
2025-01-27T21:03:39.522+0100 [DEBUG] [org.gradle.cache.internal.DefaultFileLockManager] Releasing lock on daemon addresses registry.
2025-01-27T21:03:39.523+0100 [DEBUG] [org.gradle.cache.internal.DefaultFileLockManager] Waiting to acquire shared lock on daemon addresses registry.
2025-01-27T21:03:39.524+0100 [DEBUG] [org.gradle.cache.internal.DefaultFileLockManager] Lock acquired on daemon addresses registry.
2025-01-27T21:03:39.525+0100 [DEBUG] [org.gradle.cache.internal.DefaultFileLockManager] Releasing lock on daemon addresses registry.
2025-01-27T21:03:49.526+0100 [DEBUG] [org.gradle.cache.internal.DefaultFileLockManager] Waiting to acquire shared lock on daemon addresses registry.
2025-01-27T21:03:49.527+0100 [DEBUG] [org.gradle.cache.internal.DefaultFileLockManager] Lock acquired on daemon addresses registry.
2025-01-27T21:03:49.529+0100 [DEBUG] [org.gradle.cache.internal.DefaultFileLockManager] Releasing lock on daemon addresses registry.
2025-01-27T21:03:49.530+0100 [DEBUG] [org.gradle.cache.internal.DefaultFileLockManager] Waiting to acquire shared lock on daemon addresses registry.
2025-01-27T21:03:49.531+0100 [DEBUG] [org.gradle.cache.internal.DefaultFileLockManager] Lock acquired on daemon addresses registry.
2025-01-27T21:03:49.532+0100 [DEBUG] [org.gradle.cache.internal.DefaultFileLockManager] Releasing lock on daemon addresses registry.
2025-01-27T21:03:49.534+0100 [DEBUG] [org.gradle.cache.internal.DefaultFileLockManager] Waiting to acquire shared lock on daemon addresses registry.
2025-01-27T21:03:49.535+0100 [DEBUG] [org.gradle.cache.internal.DefaultFileLockManager] Lock acquired on daemon addresses registry.
2025-01-27T21:03:49.536+0100 [DEBUG] [org.gradle.cache.internal.DefaultFileLockManager] Releasing lock on daemon addresses registry.
2025-01-27T21:03:59.531+0100 [DEBUG] [org.gradle.cache.internal.DefaultFileLockManager] Waiting to acquire shared lock on daemon addresses registry.
2025-01-27T21:03:59.532+0100 [DEBUG] [org.gradle.cache.internal.DefaultFileLockManager] Lock acquired on daemon addresses registry.
2025-01-27T21:03:59.533+0100 [DEBUG] [org.gradle.cache.internal.DefaultFileLockManager] Releasing lock on daemon addresses registry.
2025-01-27T21:03:59.535+0100 [DEBUG] [org.gradle.cache.internal.DefaultFileLockManager] Waiting to acquire shared lock on daemon addresses registry.
2025-01-27T21:03:59.535+0100 [DEBUG] [org.gradle.cache.internal.DefaultFileLockManager] Lock acquired on daemon addresses registry.
2025-01-27T21:03:59.536+0100 [DEBUG] [org.gradle.cache.internal.DefaultFileLockManager] Releasing lock on daemon addresses registry.
2025-01-27T21:03:59.538+0100 [DEBUG] [org.gradle.cache.internal.DefaultFileLockManager] Waiting to acquire shared lock on daemon addresses registry.
2025-01-27T21:03:59.538+0100 [DEBUG] [org.gradle.cache.internal.DefaultFileLockManager] Lock acquired on daemon addresses registry.
2025-01-27T21:03:59.538+0100 [DEBUG] [org.gradle.cache.internal.DefaultFileLockManager] Releasing lock on daemon addresses registry.
2025-01-27T21:04:01.761+0100 [DEBUG] [org.gradle.internal.remote.internal.inet.TcpIncomingConnector] Accepted connection from /127.0.0.1:60626 to /127.0.0.1:60414.
2025-01-27T21:04:01.769+0100 [DEBUG] [org.gradle.launcher.daemon.server.SynchronizedDispatchConnection] thread 107: received class org.gradle.launcher.daemon.protocol.Build
2025-01-27T21:04:01.770+0100 [DEBUG] [org.gradle.launcher.daemon.server.DefaultDaemonConnection] thread 107: Received non-IO message from client: Build{id=e0f7463c-0e0e-4b7f-b36b-bc38f7a9bed8, currentDir=D:\mod_template_1.20.2}
2025-01-27T21:04:01.771+0100 [INFO] [org.gradle.launcher.daemon.server.DefaultIncomingConnectionHandler] Received command: Build{id=e0f7463c-0e0e-4b7f-b36b-bc38f7a9bed8, currentDir=D:\mod_template_1.20.2}.
2025-01-27T21:04:01.773+0100 [DEBUG] [org.gradle.launcher.daemon.server.DefaultIncomingConnectionHandler] Starting executing command: Build{id=e0f7463c-0e0e-4b7f-b36b-bc38f7a9bed8, currentDir=D:\mod_template_1.20.2} with connection: socket connection from /127.0.0.1:60414 to /127.0.0.1:60626.
2025-01-27T21:04:01.775+0100 [DEBUG] [org.gradle.launcher.daemon.server.DaemonStateCoordinator] Command execution: started DaemonCommandExecution[command = Build{id=e0f7463c-0e0e-4b7f-b36b-bc38f7a9bed8, currentDir=D:\mod_template_1.20.2}, connection = DefaultDaemonConnection: socket connection from /127.0.0.1:60414 to /127.0.0.1:60626] after 1.0 minutes of idle
2025-01-27T21:04:01.777+0100 [INFO] [org.gradle.launcher.daemon.server.DaemonRegistryUpdater] Marking the daemon as busy, address: [b0fa9320-6248-4dbc-8bff-e2834f7070f7 port:60414, addresses:[localhost/127.0.0.1]]
2025-01-27T21:04:01.778+0100 [DEBUG] [org.gradle.launcher.daemon.registry.PersistentDaemonRegistry] Marking busy by address: [b0fa9320-6248-4dbc-8bff-e2834f7070f7 port:60414, addresses:[localhost/127.0.0.1]]
2025-01-27T21:04:01.780+0100 [DEBUG] [org.gradle.cache.internal.DefaultFileLockManager] Waiting to acquire exclusive lock on daemon addresses registry.
2025-01-27T21:04:01.781+0100 [DEBUG] [org.gradle.cache.internal.DefaultFileLockManager] Lock acquired on daemon addresses registry.
2025-01-27T21:04:01.783+0100 [DEBUG] [org.gradle.cache.internal.DefaultFileLockManager] Releasing lock on daemon addresses registry.
2025-01-27T21:04:01.784+0100 [DEBUG] [org.gradle.launcher.daemon.server.DaemonStateCoordinator] resetting idle timer
2025-01-27T21:04:01.785+0100 [DEBUG] [org.gradle.launcher.daemon.server.DaemonStateCoordinator] daemon is running. Sleeping until state changes.
2025-01-27T21:04:01.786+0100 [INFO] [org.gradle.launcher.daemon.server.exec.StartBuildOrRespondWithBusy] Daemon is about to start building Build{id=e0f7463c-0e0e-4b7f-b36b-bc38f7a9bed8, currentDir=D:\mod_template_1.20.2}. Dispatching build started information...
2025-01-27T21:04:01.787+0100 [DEBUG] [org.gradle.launcher.daemon.server.SynchronizedDispatchConnection] thread 109: dispatching org.gradle.launcher.daemon.protocol.BuildStarted@c81da27
2025-01-27T21:04:01.788+0100 [DEBUG] [org.gradle.launcher.daemon.server.exec.EstablishBuildEnvironment] Configuring env variables: [USERDOMAIN_ROAMINGPROFILE, LOCALAPPDATA, PROCESSOR_LEVEL, USERDOMAIN, LOGONSERVER, FPS_BROWSER_APP_PROFILE_STRING, JAVA_HOME, SESSIONNAME, ALLUSERSPROFILE, PROCESSOR_ARCHITECTURE, PSModulePath, SystemDrive, OneDrive, APPDATA, USERNAME, EFC_15932, OculusBase, ProgramFiles(x86), CommonProgramFiles, Path, FPS_BROWSER_USER_PROFILE_STRING, PATHEXT, DriverData, OS, OneDriveConsumer, COMPUTERNAME, PROCESSOR_REVISION, CommonProgramW6432, ComSpec, ProgramData, ProgramW6432, TEMP, HOMEPATH, SystemRoot, PROCESSOR_IDENTIFIER, HOMEDRIVE, USERPROFILE, TMP, CommonProgramFiles(x86), ProgramFiles, PUBLIC, windir, NUMBER_OF_PROCESSORS, =::, IDEA_INITIAL_DIRECTORY]
2025-01-27T21:04:01.788+0100 [DEBUG] [org.gradle.launcher.daemon.server.SynchronizedDispatchConnection] thread 107: received class org.gradle.launcher.daemon.protocol.CloseInput
2025-01-27T21:04:01.789+0100 [DEBUG] [org.gradle.launcher.daemon.server.DefaultDaemonConnection] thread 107: Received IO message from client: org.gradle.launcher.daemon.protocol.CloseInput@11650388
2025-01-27T21:04:01.790+0100 [DEBUG] [org.gradle.launcher.daemon.server.exec.LogToClient] About to start relaying all logs to the client via the connection.
2025-01-27T21:04:01.791+0100 [INFO] [org.gradle.launcher.daemon.server.exec.LogToClient] The client will now receive all logging from the daemon (pid: 4024). The daemon log file: C:\Users\ragna\Documents\dimensional_wells_1.21\daemon\8.7\daemon-4024.out.log
2025-01-27T21:04:01.793+0100 [INFO] [org.gradle.launcher.daemon.server.exec.LogAndCheckHealth] Starting 2nd build in daemon [uptime: 2 mins 2.654 secs, performance: 99%, GC rate: 0.14/s, heap usage: 3% of 1 GiB]
2025-01-27T21:04:01.794+0100 [DEBUG] [org.gradle.launcher.daemon.server.exec.ExecuteBuild] The daemon has started executing the build.
2025-01-27T21:04:01.795+0100 [DEBUG] [org.gradle.launcher.daemon.server.exec.ExecuteBuild] Executing build with daemon context: DefaultDaemonContext[uid=c4e90a48-c1fa-41f9-ab19-0e4fcec24da7,javaHome=C:\Program Files\Eclipse Adoptium\jdk-17.0.10.7-hotspot,daemonRegistryDir=C:\Users\ragna\Documents\dimensional_wells_1.21\daemon,pid=4024,idleTimeout=10800000,priority=NORMAL,applyInstrumentationAgent=true,daemonOpts=--add-opens=java.base/java.util=ALL-UNNAMED,--add-opens=java.base/java.lang=ALL-UNNAMED,--add-opens=java.base/java.lang.invoke=ALL-UNNAMED,--add-opens=java.prefs/java.util.prefs=ALL-UNNAMED,--add-opens=java.base/java.nio.charset=ALL-UNNAMED,--add-opens=java.base/java.net=ALL-UNNAMED,--add-opens=java.base/java.util.concurrent.atomic=ALL-UNNAMED,-Xmx1G,-Dfile.encoding=windows-1252,-Duser.country=US,-Duser.language=en,-Duser.variant]
2025-01-27T21:04:01.794+0100 [INFO] [org.gradle.launcher.daemon.server.exec.ForwardClientInput] Closing daemon's stdin at end of input.
2025-01-27T21:04:01.796+0100 [INFO] [org.gradle.launcher.daemon.server.exec.ForwardClientInput] The daemon will no longer process any standard input.
Fabric Loom: 1.6.12

FAILURE: Build failed with an exception.

* What went wrong:
A problem occurred configuring root project 'mod_template_1.20.2'.
> Failed to setup Minecraft, java.lang.IllegalStateException: Minecraft 1.21 requires Java 21 but Gradle is using 17

* Try:
> Run with --stacktrace option to get the stack trace.
> Run with --info or --debug option to get more log output.
> Run with --scan to get full insights.
> Get more help at https://help.gradle.org.

CONFIGURE FAILED in 2s
2025-01-27T21:04:04.689+0100 [DEBUG] [org.gradle.launcher.daemon.server.exec.ExecuteBuild] The daemon has finished executing the build.
2025-01-27T21:04:04.706+0100 [DEBUG] [org.gradle.launcher.daemon.server.DaemonStateCoordinator] daemon is running. Sleeping until state changes.
2025-01-27T21:04:04.706+0100 [DEBUG] [org.gradle.launcher.daemon.server.DaemonStateCoordinator] Command execution: finished waiting for DaemonCommandExecution[command = Build{id=e0f7463c-0e0e-4b7f-b36b-bc38f7a9bed8, currentDir=D:\mod_template_1.20.2}, connection = DefaultDaemonConnection: socket connection from /127.0.0.1:60414 to /127.0.0.1:60626]. Result org.gradle.launcher.daemon.server.DaemonStateCoordinator@23a2ade7 with state Busy
2025-01-27T21:04:04.707+0100 [DEBUG] [org.gradle.launcher.daemon.server.DaemonStateCoordinator] Command execution: completed DaemonCommandExecution[command = Build{id=e0f7463c-0e0e-4b7f-b36b-bc38f7a9bed8, currentDir=D:\mod_template_1.20.2}, connection = DefaultDaemonConnection: socket connection from /127.0.0.1:60414 to /127.0.0.1:60626]
2025-01-27T21:04:04.707+0100 [DEBUG] [org.gradle.launcher.daemon.server.DaemonStateCoordinator] resetting idle timer
2025-01-27T21:04:04.708+0100 [INFO] [org.gradle.launcher.daemon.server.DaemonRegistryUpdater] Marking the daemon as idle, address: [b0fa9320-6248-4dbc-8bff-e2834f7070f7 port:60414, addresses:[localhost/127.0.0.1]]
2025-01-27T21:04:04.708+0100 [DEBUG] [org.gradle.launcher.daemon.registry.PersistentDaemonRegistry] Marking busy by address: [b0fa9320-6248-4dbc-8bff-e2834f7070f7 port:60414, addresses:[localhost/127.0.0.1]]
2025-01-27T21:04:04.710+0100 [DEBUG] [org.gradle.cache.internal.DefaultFileLockManager] Waiting to acquire exclusive lock on daemon addresses registry.
2025-01-27T21:04:04.711+0100 [DEBUG] [org.gradle.cache.internal.DefaultFileLockManager] Lock acquired on daemon addresses registry.
2025-01-27T21:04:04.713+0100 [DEBUG] [org.gradle.cache.internal.DefaultFileLockManager] Releasing lock on daemon addresses registry.
2025-01-27T21:04:04.714+0100 [DEBUG] [org.gradle.launcher.daemon.server.DaemonStateCoordinator] daemon is running. Sleeping until state changes.
2025-01-27T21:04:04.714+0100 [DEBUG] [org.gradle.launcher.daemon.server.exec.ReturnResult] Daemon is dispatching the build result: Success[value=org.gradle.launcher.exec.BuildActionResult@4142de51]
2025-01-27T21:04:04.714+0100 [DEBUG] [org.gradle.launcher.daemon.server.SynchronizedDispatchConnection] thread 106: dispatching Success[value=org.gradle.launcher.exec.BuildActionResult@4142de51]
2025-01-27T21:04:04.717+0100 [DEBUG] [org.gradle.launcher.daemon.server.DefaultIncomingConnectionHandler] Finishing executing command: Build{id=e0f7463c-0e0e-4b7f-b36b-bc38f7a9bed8, currentDir=D:\mod_template_1.20.2}
2025-01-27T21:04:04.717+0100 [DEBUG] [org.gradle.launcher.daemon.server.exec.CleanUpVirtualFileSystemAfterBuild] Cleaning virtual file system after build finished
2025-01-27T21:04:04.719+0100 [DEBUG] [org.gradle.launcher.daemon.server.SynchronizedDispatchConnection] thread 107: received class org.gradle.launcher.daemon.protocol.Finished
2025-01-27T21:04:04.719+0100 [DEBUG] [org.gradle.launcher.daemon.server.DefaultDaemonConnection] thread 107: Received non-IO message from client: org.gradle.launcher.daemon.protocol.Finished@5ab0a15b
2025-01-27T21:04:04.720+0100 [DEBUG] [org.gradle.launcher.daemon.server.DefaultIncomingConnectionHandler] Received finished message: org.gradle.launcher.daemon.protocol.Finished@5ab0a15b
2025-01-27T21:04:04.720+0100 [DEBUG] [org.gradle.internal.remote.internal.inet.SocketConnection] Discarding EOFException: java.io.EOFException
2025-01-27T21:04:04.720+0100 [DEBUG] [org.gradle.launcher.daemon.server.SynchronizedDispatchConnection] thread 106: stopping connection
2025-01-27T21:04:04.721+0100 [DEBUG] [org.gradle.launcher.daemon.server.SynchronizedDispatchConnection] thread 107: received null
2025-01-27T21:04:04.722+0100 [DEBUG] [org.gradle.launcher.daemon.server.DefaultDaemonConnection] thread 107: Received end-of-input from client.
2025-01-27T21:04:04.722+0100 [DEBUG] [org.gradle.launcher.daemon.server.SynchronizedDispatchConnection] thread 106: stopping connection
2025-01-27T21:04:09.519+0100 [DEBUG] [org.gradle.cache.internal.DefaultFileLockManager] Waiting to acquire shared lock on daemon addresses registry.
2025-01-27T21:04:09.520+0100 [DEBUG] [org.gradle.cache.internal.DefaultFileLockManager] Lock acquired on daemon addresses registry.
2025-01-27T21:04:09.521+0100 [DEBUG] [org.gradle.cache.internal.DefaultFileLockManager] Releasing lock on daemon addresses registry.
2025-01-27T21:04:09.523+0100 [DEBUG] [org.gradle.cache.internal.DefaultFileLockManager] Waiting to acquire shared lock on daemon addresses registry.
2025-01-27T21:04:09.524+0100 [DEBUG] [org.gradle.cache.internal.DefaultFileLockManager] Lock acquired on daemon addresses registry.
2025-01-27T21:04:09.525+0100 [DEBUG] [org.gradle.cache.internal.DefaultFileLockManager] Releasing lock on daemon addresses registry.
2025-01-27T21:04:19.524+0100 [DEBUG] [org.gradle.cache.internal.DefaultFileLockManager] Waiting to acquire shared lock on daemon addresses registry.
2025-01-27T21:04:19.526+0100 [DEBUG] [org.gradle.cache.internal.DefaultFileLockManager] Lock acquired on daemon addresses registry.
2025-01-27T21:04:19.527+0100 [DEBUG] [org.gradle.cache.internal.DefaultFileLockManager] Releasing lock on daemon addresses registry.
2025-01-27T21:04:19.529+0100 [DEBUG] [org.gradle.cache.internal.DefaultFileLockManager] Waiting to acquire shared lock on daemon addresses registry.
2025-01-27T21:04:19.530+0100 [DEBUG] [org.gradle.cache.internal.DefaultFileLockManager] Lock acquired on daemon addresses registry.
2025-01-27T21:04:19.531+0100 [DEBUG] [org.gradle.cache.internal.DefaultFileLockManager] Releasing lock on daemon addresses registry.
2025-01-27T21:04:19.533+0100 [DEBUG] [org.gradle.cache.internal.DefaultFileLockManager] Waiting to acquire shared lock on daemon addresses registry.
2025-01-27T21:04:19.533+0100 [DEBUG] [org.gradle.cache.internal.DefaultFileLockManager] Lock acquired on daemon addresses registry.
2025-01-27T21:04:19.534+0100 [DEBUG] [org.gradle.cache.internal.DefaultFileLockManager] Releasing lock on daemon addresses registry.
2025-01-27T21:04:29.531+0100 [DEBUG] [org.gradle.cache.internal.DefaultFileLockManager] Waiting to acquire shared lock on daemon addresses registry.
2025-01-27T21:04:29.532+0100 [DEBUG] [org.gradle.cache.internal.DefaultFileLockManager] Lock acquired on daemon addresses registry.
2025-01-27T21:04:29.533+0100 [DEBUG] [org.gradle.cache.internal.DefaultFileLockManager] Releasing lock on daemon addresses registry.
2025-01-27T21:04:29.534+0100 [DEBUG] [org.gradle.cache.internal.DefaultFileLockManager] Waiting to acquire shared lock on daemon addresses registry.
2025-01-27T21:04:29.535+0100 [DEBUG] [org.gradle.cache.internal.DefaultFileLockManager] Lock acquired on daemon addresses registry.
2025-01-27T21:04:29.536+0100 [DEBUG] [org.gradle.cache.internal.DefaultFileLockManager] Releasing lock on daemon addresses registry.
2025-01-27T21:04:29.538+0100 [DEBUG] [org.gradle.cache.internal.DefaultFileLockManager] Waiting to acquire shared lock on daemon addresses registry.
2025-01-27T21:04:29.539+0100 [DEBUG] [org.gradle.cache.internal.DefaultFileLockManager] Lock acquired on daemon addresses registry.
2025-01-27T21:04:29.540+0100 [DEBUG] [org.gradle.cache.internal.DefaultFileLockManager] Releasing lock on daemon addresses registry.
2025-01-27T21:04:34.032+0100 [DEBUG] [org.gradle.internal.remote.internal.inet.TcpIncomingConnector] Accepted connection from /127.0.0.1:60632 to /127.0.0.1:60414.
2025-01-27T21:04:34.040+0100 [DEBUG] [org.gradle.launcher.daemon.server.SynchronizedDispatchConnection] thread 135: received class org.gradle.launcher.daemon.protocol.StopWhenIdle
2025-01-27T21:04:34.040+0100 [DEBUG] [org.gradle.launcher.daemon.server.DefaultDaemonConnection] thread 135: Received non-IO message from client: StopWhenIdle[id=5e8a64ca-119c-46a4-825c-6baa386c2293]
2025-01-27T21:04:34.041+0100 [INFO] [org.gradle.launcher.daemon.server.DefaultIncomingConnectionHandler] Received command: StopWhenIdle[id=5e8a64ca-119c-46a4-825c-6baa386c2293].
2025-01-27T21:04:34.042+0100 [DEBUG] [org.gradle.launcher.daemon.server.DefaultIncomingConnectionHandler] Starting executing command: StopWhenIdle[id=5e8a64ca-119c-46a4-825c-6baa386c2293] with connection: socket connection from /127.0.0.1:60414 to /127.0.0.1:60632.
2025-01-27T21:04:34.042+0100 [DEBUG] [org.gradle.launcher.daemon.server.DaemonRegistryUpdater] Storing daemon stop event: stop command received
2025-01-27T21:04:34.044+0100 [DEBUG] [org.gradle.launcher.daemon.registry.PersistentDaemonRegistry] Storing daemon stop event with timestamp 1738008274043
2025-01-27T21:04:34.046+0100 [DEBUG] [org.gradle.cache.internal.DefaultFileLockManager] Waiting to acquire exclusive lock on daemon addresses registry.
2025-01-27T21:04:34.047+0100 [DEBUG] [org.gradle.cache.internal.DefaultFileLockManager] Lock acquired on daemon addresses registry.
2025-01-27T21:04:34.049+0100 [DEBUG] [org.gradle.cache.internal.DefaultFileLockManager] Releasing lock on daemon addresses registry.
2025-01-27T21:04:34.050+0100 [LIFECYCLE] [org.gradle.launcher.daemon.server.DaemonStateCoordinator] Daemon will be stopped at the end of the build stop command received
2025-01-27T21:04:34.051+0100 [DEBUG] [org.gradle.launcher.daemon.server.DaemonStateCoordinator] Marking daemon stopped due to stop command received. The daemon is running a build: false
2025-01-27T21:04:34.051+0100 [DEBUG] [org.gradle.launcher.daemon.server.DaemonStateCoordinator] daemon has stopped.
2025-01-27T21:04:34.051+0100 [DEBUG] [org.gradle.launcher.daemon.server.SynchronizedDispatchConnection] thread 106: dispatching Success[value=null]
2025-01-27T21:04:34.052+0100 [DEBUG] [org.gradle.launcher.daemon.server.Daemon] stop() called on daemon
2025-01-27T21:04:34.052+0100 [DEBUG] [org.gradle.launcher.daemon.server.DefaultIncomingConnectionHandler] Finishing executing command: StopWhenIdle[id=5e8a64ca-119c-46a4-825c-6baa386c2293]
2025-01-27T21:04:34.052+0100 [DEBUG] [org.gradle.launcher.daemon.server.SynchronizedDispatchConnection] thread 135: received class org.gradle.launcher.daemon.protocol.Finished
2025-01-27T21:04:34.052+0100 [INFO] [org.gradle.launcher.daemon.server.Daemon] Stop requested. Daemon is removing its presence from the registry...
2025-01-27T21:04:34.053+0100 [DEBUG] [org.gradle.launcher.daemon.server.DefaultDaemonConnection] thread 135: Received non-IO message from client: org.gradle.launcher.daemon.protocol.Finished@14358c51
2025-01-27T21:04:34.054+0100 [DEBUG] [org.gradle.launcher.daemon.server.DaemonRegistryUpdater] Removing our presence to clients, eg. removing this address from the registry: [b0fa9320-6248-4dbc-8bff-e2834f7070f7 port:60414, addresses:[localhost/127.0.0.1]]
2025-01-27T21:04:34.054+0100 [DEBUG] [org.gradle.internal.remote.internal.inet.SocketConnection] Discarding EOFException: java.io.EOFException
2025-01-27T21:04:34.054+0100 [DEBUG] [org.gradle.launcher.daemon.server.DefaultIncomingConnectionHandler] Received finished message: org.gradle.launcher.daemon.protocol.Finished@14358c51
2025-01-27T21:04:34.054+0100 [DEBUG] [org.gradle.launcher.daemon.server.SynchronizedDispatchConnection] thread 135: received null
2025-01-27T21:04:34.054+0100 [DEBUG] [org.gradle.launcher.daemon.registry.PersistentDaemonRegistry] Removing daemon address: [b0fa9320-6248-4dbc-8bff-e2834f7070f7 port:60414, addresses:[localhost/127.0.0.1]]
2025-01-27T21:04:34.056+0100 [DEBUG] [org.gradle.launcher.daemon.server.DefaultDaemonConnection] thread 135: Received end-of-input from client.
2025-01-27T21:04:34.055+0100 [DEBUG] [org.gradle.launcher.daemon.server.SynchronizedDispatchConnection] thread 106: stopping connection
2025-01-27T21:04:34.057+0100 [DEBUG] [org.gradle.launcher.daemon.server.SynchronizedDispatchConnection] thread 106: stopping connection
2025-01-27T21:04:34.058+0100 [DEBUG] [org.gradle.cache.internal.DefaultFileLockManager] Waiting to acquire exclusive lock on daemon addresses registry.
2025-01-27T21:04:34.059+0100 [DEBUG] [org.gradle.cache.internal.DefaultFileLockManager] Lock acquired on daemon addresses registry.
2025-01-27T21:04:34.061+0100 [DEBUG] [org.gradle.cache.internal.DefaultFileLockManager] Releasing lock on daemon addresses registry.
2025-01-27T21:04:34.062+0100 [DEBUG] [org.gradle.launcher.daemon.server.DaemonRegistryUpdater] Address removed from registry.
2025-01-27T21:04:34.070+0100 [DEBUG] [org.gradle.cache.internal.LockOnDemandCrossProcessCacheAccess] Releasing file lock for jars (C:\Users\ragna\Documents\dimensional_wells_1.21\caches\jars-9)
2025-01-27T21:04:34.071+0100 [DEBUG] [org.gradle.cache.internal.DefaultFileLockManager] Releasing lock on jars (C:\Users\ragna\Documents\dimensional_wells_1.21\caches\jars-9).
2025-01-27T21:04:34.073+0100 [DEBUG] [org.gradle.cache.internal.DefaultPersistentDirectoryStore] jars (C:\Users\ragna\Documents\dimensional_wells_1.21\caches\jars-9) has last been fully cleaned up 28 hours ago
2025-01-27T21:04:34.079+0100 [INFO] [org.gradle.cache.internal.AbstractCacheCleanup] jars (C:\Users\ragna\Documents\dimensional_wells_1.21\caches\jars-9) cleanup deleted 0 files/directories.
2025-01-27T21:04:34.080+0100 [INFO] [org.gradle.cache.internal.LeastRecentlyUsedCacheCleanup] jars (C:\Users\ragna\Documents\dimensional_wells_1.21\caches\jars-9) removing files not accessed on or after Mon Jan 20 21:04:02 CET 2025.
2025-01-27T21:04:34.087+0100 [INFO] [org.gradle.cache.internal.AbstractCacheCleanup] jars (C:\Users\ragna\Documents\dimensional_wells_1.21\caches\jars-9) cleanup deleted 0 files/directories.
2025-01-27T21:04:34.088+0100 [INFO] [org.gradle.cache.internal.DefaultPersistentDirectoryStore] jars (C:\Users\ragna\Documents\dimensional_wells_1.21\caches\jars-9) cleaned up in 0.014 secs.
2025-01-27T21:04:34.090+0100 [DEBUG] [org.gradle.cache.internal.LockOnDemandCrossProcessCacheAccess] Releasing file lock for file content cache (C:\Users\ragna\Documents\dimensional_wells_1.21\caches\8.7\fileContent)
2025-01-27T21:04:34.090+0100 [DEBUG] [org.gradle.cache.internal.DefaultFileLockManager] Releasing lock on file content cache (C:\Users\ragna\Documents\dimensional_wells_1.21\caches\8.7\fileContent).
2025-01-27T21:04:34.092+0100 [DEBUG] [org.gradle.internal.watch.vfs.impl.WatchingVirtualFileSystem] Closing VFS, dropping state
2025-01-27T21:04:34.094+0100 [DEBUG] [org.gradle.internal.watch.registry.impl.DefaultFileWatcherRegistry] Finished listening to file system change events
2025-01-27T21:04:34.094+0100 [DEBUG] [org.gradle.cache.internal.DefaultCacheCoordinator] Cache Generated Gradle JARs cache (C:\Users\ragna\Documents\dimensional_wells_1.21\caches\8.7\generated-gradle-jars) was closed 0 times.
2025-01-27T21:04:34.096+0100 [DEBUG] [org.gradle.cache.internal.DefaultPersistentDirectoryStore] Artifact transforms cache (C:\Users\ragna\Documents\dimensional_wells_1.21\caches\transforms-4) has last been fully cleaned up 8 hours ago
2025-01-27T21:04:34.097+0100 [DEBUG] [org.gradle.cache.internal.DefaultCacheCoordinator] Cache Artifact transforms cache (C:\Users\ragna\Documents\dimensional_wells_1.21\caches\transforms-4) was closed 0 times.
2025-01-27T21:04:34.098+0100 [DEBUG] [org.gradle.cache.internal.LockOnDemandCrossProcessCacheAccess] Releasing file lock for artifact cache (C:\Users\ragna\Documents\dimensional_wells_1.21\caches\modules-2)
2025-01-27T21:04:34.098+0100 [DEBUG] [org.gradle.cache.internal.btree.BTreePersistentIndexedCache] Closing cache module-artifact.bin (C:\Users\ragna\Documents\dimensional_wells_1.21\caches\modules-2\metadata-2.106\module-artifact.bin)
2025-01-27T21:04:34.099+0100 [DEBUG] [org.gradle.cache.internal.btree.BTreePersistentIndexedCache] Closing cache module-metadata.bin (C:\Users\ragna\Documents\dimensional_wells_1.21\caches\modules-2\metadata-2.106\module-metadata.bin)
2025-01-27T21:04:34.099+0100 [DEBUG] [org.gradle.cache.internal.DefaultFileLockManager] Releasing lock on artifact cache (C:\Users\ragna\Documents\dimensional_wells_1.21\caches\modules-2).
2025-01-27T21:04:34.101+0100 [DEBUG] [org.gradle.cache.internal.DefaultPersistentDirectoryStore] artifact cache (C:\Users\ragna\Documents\dimensional_wells_1.21\caches\modules-2) has last been fully cleaned up 28 hours ago
2025-01-27T21:04:34.105+0100 [INFO] [org.gradle.cache.internal.AbstractCacheCleanup] artifact cache (C:\Users\ragna\Documents\dimensional_wells_1.21\caches\modules-2) cleanup deleted 0 files/directories.
2025-01-27T21:04:34.109+0100 [INFO] [org.gradle.cache.internal.AbstractCacheCleanup] artifact cache (C:\Users\ragna\Documents\dimensional_wells_1.21\caches\modules-2) [subdir: C:\Users\ragna\Documents\dimensional_wells_1.21\caches\modules-2\resources-2.1] cleanup deleted 0 files/directories.
2025-01-27T21:04:34.110+0100 [INFO] [org.gradle.cache.internal.LeastRecentlyUsedCacheCleanup] artifact cache (C:\Users\ragna\Documents\dimensional_wells_1.21\caches\modules-2) [subdir: C:\Users\ragna\Documents\dimensional_wells_1.21\caches\modules-2\resources-2.1] removing files not accessed on or after Sat Dec 28 21:04:02 CET 2024.
2025-01-27T21:04:34.114+0100 [INFO] [org.gradle.cache.internal.AbstractCacheCleanup] artifact cache (C:\Users\ragna\Documents\dimensional_wells_1.21\caches\modules-2) [subdir: C:\Users\ragna\Documents\dimensional_wells_1.21\caches\modules-2\resources-2.1] cleanup deleted 0 files/directories.
2025-01-27T21:04:34.119+0100 [INFO] [org.gradle.cache.internal.AbstractCacheCleanup] artifact cache (C:\Users\ragna\Documents\dimensional_wells_1.21\caches\modules-2) [subdir: C:\Users\ragna\Documents\dimensional_wells_1.21\caches\modules-2\files-2.1] cleanup deleted 0 files/directories.
2025-01-27T21:04:34.120+0100 [INFO] [org.gradle.cache.internal.LeastRecentlyUsedCacheCleanup] artifact cache (C:\Users\ragna\Documents\dimensional_wells_1.21\caches\modules-2) [subdir: C:\Users\ragna\Documents\dimensional_wells_1.21\caches\modules-2\files-2.1] removing files not accessed on or after Sat Dec 28 21:04:02 CET 2024.
2025-01-27T21:04:34.320+0100 [INFO] [org.gradle.cache.internal.AbstractCacheCleanup] artifact cache (C:\Users\ragna\Documents\dimensional_wells_1.21\caches\modules-2) [subdir: C:\Users\ragna\Documents\dimensional_wells_1.21\caches\modules-2\files-2.1] cleanup deleted 0 files/directories.
2025-01-27T21:04:34.323+0100 [INFO] [org.gradle.cache.internal.AbstractCacheCleanup] artifact cache (C:\Users\ragna\Documents\dimensional_wells_1.21\caches\modules-2) [subdir: C:\Users\ragna\Documents\dimensional_wells_1.21\caches\modules-2\metadata-2.106] cleanup deleted 0 files/directories.
2025-01-27T21:04:34.324+0100 [INFO] [org.gradle.cache.internal.DefaultPersistentDirectoryStore] artifact cache (C:\Users\ragna\Documents\dimensional_wells_1.21\caches\modules-2) cleaned up in 0.222 secs.
2025-01-27T21:04:34.325+0100 [DEBUG] [org.gradle.cache.internal.DefaultCacheCoordinator] Cache artifact cache (C:\Users\ragna\Documents\dimensional_wells_1.21\caches\modules-2) was closed 2 times.
2025-01-27T21:04:34.326+0100 [DEBUG] [org.gradle.cache.internal.DefaultPersistentDirectoryStore] groovy-dsl (C:\Users\ragna\Documents\dimensional_wells_1.21\caches\8.7\groovy-dsl) has last been fully cleaned up 8 hours ago
2025-01-27T21:04:34.327+0100 [DEBUG] [org.gradle.cache.internal.DefaultCacheCoordinator] Cache groovy-dsl (C:\Users\ragna\Documents\dimensional_wells_1.21\caches\8.7\groovy-dsl) was closed 0 times.
2025-01-27T21:04:34.327+0100 [DEBUG] [org.gradle.cache.internal.LockOnDemandCrossProcessCacheAccess] Releasing file lock for journal cache (C:\Users\ragna\Documents\dimensional_wells_1.21\caches\journal-1)
2025-01-27T21:04:34.327+0100 [DEBUG] [org.gradle.cache.internal.btree.BTreePersistentIndexedCache] Closing cache file-access.bin (C:\Users\ragna\Documents\dimensional_wells_1.21\caches\journal-1\file-access.bin)
2025-01-27T21:04:34.328+0100 [DEBUG] [org.gradle.cache.internal.DefaultFileLockManager] Releasing lock on journal cache (C:\Users\ragna\Documents\dimensional_wells_1.21\caches\journal-1).
2025-01-27T21:04:34.329+0100 [DEBUG] [org.gradle.cache.internal.DefaultCacheCoordinator] Cache journal cache (C:\Users\ragna\Documents\dimensional_wells_1.21\caches\journal-1) was closed 2 times.
2025-01-27T21:04:34.329+0100 [DEBUG] [org.gradle.cache.internal.LockOnDemandCrossProcessCacheAccess] Releasing file lock for file hash cache (C:\Users\ragna\Documents\dimensional_wells_1.21\caches\8.7\fileHashes)
2025-01-27T21:04:34.329+0100 [DEBUG] [org.gradle.cache.internal.btree.BTreePersistentIndexedCache] Closing cache fileHashes.bin (C:\Users\ragna\Documents\dimensional_wells_1.21\caches\8.7\fileHashes\fileHashes.bin)
2025-01-27T21:04:34.330+0100 [DEBUG] [org.gradle.cache.internal.btree.BTreePersistentIndexedCache] Closing cache resourceHashesCache.bin (C:\Users\ragna\Documents\dimensional_wells_1.21\caches\8.7\fileHashes\resourceHashesCache.bin)
2025-01-27T21:04:34.331+0100 [DEBUG] [org.gradle.cache.internal.DefaultFileLockManager] Releasing lock on file hash cache (C:\Users\ragna\Documents\dimensional_wells_1.21\caches\8.7\fileHashes).
Daemon vm is shutting down... The daemon has exited normally or was terminated in response to a user interrupt.
2025-01-27T21:04:34.333+0100 [DEBUG] [org.gradle.launcher.daemon.registry.PersistentDaemonRegistry] Removing daemon address: [b0fa9320-6248-4dbc-8bff-e2834f7070f7 port:60414, addresses:[localhost/127.0.0.1]]
2025-01-27T21:04:34.335+0100 [DEBUG] [org.gradle.cache.internal.DefaultFileLockManager] Waiting to acquire exclusive lock on daemon addresses registry.
2025-01-27T21:04:34.335+0100 [DEBUG] [org.gradle.cache.internal.DefaultFileLockManager] Lock acquired on daemon addresses registry.
2025-01-27T21:04:34.337+0100 [DEBUG] [org.gradle.cache.internal.DefaultFileLockManager] Releasing lock on daemon addresses registry.
